<?xml version="1.0" encoding="utf-8"?><testsuites name="pytest tests"><testsuite name="pytest" errors="0" failures="0" skipped="0" tests="98" time="0.691" timestamp="2026-09-25T06:24:09.574100-05:00" hostname="Kevins-MacBook-Pro-2.local"><testcase classname="tests.test_fsm_shift_inference" name="test_native_varx_physical_forecast_and_final_lags_are_preserved[32]" time="0.002" /><testcase classname="tests.test_fsm_shift_inference" name="test_native_varx_physical_forecast_and_final_lags_are_preserved[64]" time="0.002" /><testcase classname="tests.test_fsm_shift_inference" name="test_native_varx_physical_forecast_and_final_lags_are_preserved[96]" time="0.002" /><testcase classname="tests.test_fsm_shift_inference" name="test_all_residual_primal_and_caller_states_equal_native_core[affine-output_only]" time="0.007" /><testcase classname="tests.test_fsm_shift_inference" name="test_all_residual_primal_and_caller_states_equal_native_core[affine-feedback]" time="0.003" /><testcase classname="tests.test_fsm_shift_inference" name="test_all_residual_primal_and_caller_states_equal_native_core[tanh-output_only]" time="0.005" /><testcase classname="tests.test_fsm_shift_inference" name="test_all_residual_primal_and_caller_states_equal_native_core[tanh-feedback]" time="0.005" /><testcase classname="tests.test_fsm_shift_inference" name="test_bla_matches_qualified_physical_adapter_and_preforecast_state" time="0.003" /><testcase classname="tests.test_fsm_shift_inference" name="test_nonlinear_matches_qualified_budget_and_original16_with_author_scales[16]" time="0.037" /><testcase classname="tests.test_fsm_shift_inference" name="test_nonlinear_matches_qualified_budget_and_original16_with_author_scales[64]" time="0.027" /><testcase classname="tests.test_fsm_shift_inference" name="test_deployment_storage_uses_actual_arrays_state_and_required_scales[varx-4704-24-1536-96-6360]" time="0.001" /><testcase classname="tests.test_fsm_shift_inference" name="test_deployment_storage_uses_actual_arrays_state_and_required_scales[affine_feedback-9408-16-1536-96-11056]" time="0.001" /><testcase classname="tests.test_fsm_shift_inference" name="test_deployment_storage_uses_actual_arrays_state_and_required_scales[tanh_feedback-42936-24-1536-96-44592]" time="0.001" /><testcase classname="tests.test_fsm_shift_inference" name="test_deployment_storage_uses_actual_arrays_state_and_required_scales[bla-7792-24-224-0-8040]" time="0.001" /><testcase classname="tests.test_fsm_shift_inference" name="test_deployment_storage_uses_actual_arrays_state_and_required_scales[nllfr64-59888-72-224-0-60184]" time="0.000" /><testcase classname="tests.test_fsm_shift_inference" name="test_requests_own_outputs_inputs_weights_and_repeat_without_state_cache[varx]" time="0.004" /><testcase classname="tests.test_fsm_shift_inference" name="test_requests_own_outputs_inputs_weights_and_repeat_without_state_cache[tanh_feedback]" time="0.013" /><testcase classname="tests.test_fsm_shift_inference" name="test_requests_own_outputs_inputs_weights_and_repeat_without_state_cache[bla]" time="0.007" /><testcase classname="tests.test_fsm_shift_inference" name="test_requests_own_outputs_inputs_weights_and_repeat_without_state_cache[nllfr16]" time="0.101" /><testcase classname="tests.test_fsm_shift_inference" name="test_future_input_is_forecast_only_and_targets_have_no_api[varx]" time="0.002" /><testcase classname="tests.test_fsm_shift_inference" name="test_future_input_is_forecast_only_and_targets_have_no_api[tanh_feedback]" time="0.004" /><testcase classname="tests.test_fsm_shift_inference" name="test_future_input_is_forecast_only_and_targets_have_no_api[bla]" time="0.002" /><testcase classname="tests.test_fsm_shift_inference" name="test_future_input_is_forecast_only_and_targets_have_no_api[nllfr64]" time="0.018" /><testcase classname="tests.test_fsm_shift_inference" name="test_finite_large_values_are_preserved_but_overflow_is_not_repaired" time="0.001" /><testcase classname="tests.test_fsm_shift_inference" name="test_public_shape_dtype_and_finiteness_guards_precede_forecast[context_length]" time="0.000" /><testcase classname="tests.test_fsm_shift_inference" name="test_public_shape_dtype_and_finiteness_guards_precede_forecast[past_length]" time="0.000" /><testcase classname="tests.test_fsm_shift_inference" name="test_public_shape_dtype_and_finiteness_guards_precede_forecast[horizon]" time="0.000" /><testcase classname="tests.test_fsm_shift_inference" name="test_public_shape_dtype_and_finiteness_guards_precede_forecast[dtype]" time="0.000" /><testcase classname="tests.test_fsm_shift_inference" name="test_public_shape_dtype_and_finiteness_guards_precede_forecast[nonfinite]" time="0.000" /><testcase classname="tests.test_fsm_shift_inference" name="test_wrong_deployment_roles_and_identity_fail_closed[change0]" time="0.000" /><testcase classname="tests.test_fsm_shift_inference" name="test_wrong_deployment_roles_and_identity_fail_closed[change1]" time="0.000" /><testcase classname="tests.test_fsm_shift_inference" name="test_wrong_deployment_roles_and_identity_fail_closed[change2]" time="0.000" /><testcase classname="tests.test_fsm_shift_inference" name="test_wrong_deployment_roles_and_identity_fail_closed[change3]" time="0.000" /><testcase classname="tests.test_fsm_shift_inference" name="test_wrong_deployment_roles_and_identity_fail_closed[change4]" time="0.000" /><testcase classname="tests.test_fsm_shift_inference" name="test_wrong_deployment_roles_and_identity_fail_closed[change5]" time="0.000" /><testcase classname="tests.test_fsm_shift_inference" name="test_diagnostic_tree_is_owned_finite_json_with_numpy_leaves" time="0.000" /><testcase classname="tests.test_fsm_shift_inference" name="test_nonfinite_diagnostic_leaf_rejected_through_nested_conversion[inf]" time="0.000" /><testcase classname="tests.test_fsm_shift_inference" name="test_nonfinite_diagnostic_leaf_rejected_through_nested_conversion[nan]" time="0.000" /><testcase classname="tests.test_fsm_shift_inference" name="test_nonfinite_diagnostic_leaf_rejected_through_nested_conversion[leaf2]" time="0.000" /><testcase classname="tests.test_fsm_shift_inference" name="test_unsupported_diagnostic_leaf_is_not_stringified_or_dropped[(1+2j)]" time="0.000" /><testcase classname="tests.test_fsm_shift_inference" name="test_unsupported_diagnostic_leaf_is_not_stringified_or_dropped[leaf1]" time="0.000" /><testcase classname="tests.test_fsm_shift_inference" name="test_unsupported_diagnostic_leaf_is_not_stringified_or_dropped[not a JSON string]" time="0.000" /><testcase classname="tests.test_fsm_shift_inference" name="test_unsupported_diagnostic_leaf_is_not_stringified_or_dropped[leaf3]" time="0.000" /><testcase classname="tests.test_fsm_shift_inference" name="test_nested_diagnostic_keys_must_be_plain_strings[1]" time="0.000" /><testcase classname="tests.test_fsm_shift_inference" name="test_nested_diagnostic_keys_must_be_plain_strings[None]" time="0.000" /><testcase classname="tests.test_fsm_shift_inference" name="test_nested_diagnostic_keys_must_be_plain_strings[numpy key]" time="0.000" /><testcase classname="tests.test_fsm_shift_inference" name="test_cross_parity_with_independent_numpy_replay[varx]" time="0.004" /><testcase classname="tests.test_fsm_shift_inference" name="test_cross_parity_with_independent_numpy_replay[affine_output_only]" time="0.004" /><testcase classname="tests.test_fsm_shift_inference" name="test_cross_parity_with_independent_numpy_replay[affine_feedback]" time="0.004" /><testcase classname="tests.test_fsm_shift_inference" name="test_cross_parity_with_independent_numpy_replay[tanh_output_only]" time="0.005" /><testcase classname="tests.test_fsm_shift_inference" name="test_cross_parity_with_independent_numpy_replay[tanh_feedback]" time="0.004" /><testcase classname="tests.test_fsm_shift_inference" name="test_cross_parity_with_independent_numpy_replay[bla]" time="0.006" /><testcase classname="tests.test_fsm_shift_inference" name="test_cross_parity_with_independent_numpy_replay[nllfr16]" time="0.021" /><testcase classname="tests.test_fsm_shift_inference" name="test_cross_parity_with_independent_numpy_replay[nllfr64]" time="0.021" /><testcase classname="tests.test_fsm_shift_audit_math" name="test_constant_residual_closed_form_distinguishes_propagation_for_h128[affine]" time="0.001" /><testcase classname="tests.test_fsm_shift_audit_math" name="test_constant_residual_closed_form_distinguishes_propagation_for_h128[tanh]" time="0.002" /><testcase classname="tests.test_fsm_shift_audit_math" name="test_chronological_lags_current_input_and_physical_units_hand_sentinel" time="0.000" /><testcase classname="tests.test_fsm_shift_audit_math" name="test_nonzero_tanh_head_has_hand_derived_recurrent_response" time="0.000" /><testcase classname="tests.test_fsm_shift_audit_math" name="test_zero_head_matches_closed_form_and_varx_at_declared_orders[output_only-affine-32]" time="0.001" /><testcase classname="tests.test_fsm_shift_audit_math" name="test_zero_head_matches_closed_form_and_varx_at_declared_orders[output_only-affine-64]" time="0.001" /><testcase classname="tests.test_fsm_shift_audit_math" name="test_zero_head_matches_closed_form_and_varx_at_declared_orders[output_only-affine-96]" time="0.001" /><testcase classname="tests.test_fsm_shift_audit_math" name="test_zero_head_matches_closed_form_and_varx_at_declared_orders[output_only-tanh-32]" time="0.001" /><testcase classname="tests.test_fsm_shift_audit_math" name="test_zero_head_matches_closed_form_and_varx_at_declared_orders[output_only-tanh-64]" time="0.002" /><testcase classname="tests.test_fsm_shift_audit_math" name="test_zero_head_matches_closed_form_and_varx_at_declared_orders[output_only-tanh-96]" time="0.002" /><testcase classname="tests.test_fsm_shift_audit_math" name="test_zero_head_matches_closed_form_and_varx_at_declared_orders[feedback-affine-32]" time="0.001" /><testcase classname="tests.test_fsm_shift_audit_math" name="test_zero_head_matches_closed_form_and_varx_at_declared_orders[feedback-affine-64]" time="0.001" /><testcase classname="tests.test_fsm_shift_audit_math" name="test_zero_head_matches_closed_form_and_varx_at_declared_orders[feedback-affine-96]" time="0.001" /><testcase classname="tests.test_fsm_shift_audit_math" name="test_zero_head_matches_closed_form_and_varx_at_declared_orders[feedback-tanh-32]" time="0.002" /><testcase classname="tests.test_fsm_shift_audit_math" name="test_zero_head_matches_closed_form_and_varx_at_declared_orders[feedback-tanh-64]" time="0.001" /><testcase classname="tests.test_fsm_shift_audit_math" name="test_zero_head_matches_closed_form_and_varx_at_declared_orders[feedback-tanh-96]" time="0.002" /><testcase classname="tests.test_fsm_shift_audit_math" name="test_causal_prefix_batch_ownership_and_empty_horizon[varx]" time="0.001" /><testcase classname="tests.test_fsm_shift_audit_math" name="test_causal_prefix_batch_ownership_and_empty_horizon[residual]" time="0.001" /><testcase classname="tests.test_fsm_shift_audit_math" name="test_bla_forecast_state_is_before_first_future_input_not_final_state" time="0.003" /><testcase classname="tests.test_fsm_shift_audit_math" name="test_author_nl_batch_forecast_time_state_and_json_diagnostics[16]" time="0.002" /><testcase classname="tests.test_fsm_shift_audit_math" name="test_author_nl_batch_forecast_time_state_and_json_diagnostics[64]" time="0.002" /><testcase classname="tests.test_fsm_shift_audit_math" name="test_structural_and_finite_contracts_reject_before_forecast[spec_key]" time="0.000" /><testcase classname="tests.test_fsm_shift_audit_math" name="test_structural_and_finite_contracts_reject_before_forecast[irrelevant]" time="0.000" /><testcase classname="tests.test_fsm_shift_audit_math" name="test_structural_and_finite_contracts_reject_before_forecast[seed]" time="0.000" /><testcase classname="tests.test_fsm_shift_audit_math" name="test_structural_and_finite_contracts_reject_before_forecast[seed_range]" time="0.000" /><testcase classname="tests.test_fsm_shift_audit_math" name="test_structural_and_finite_contracts_reject_before_forecast[identity]" time="0.000" /><testcase classname="tests.test_fsm_shift_audit_math" name="test_structural_and_finite_contracts_reject_before_forecast[order]" time="0.000" /><testcase classname="tests.test_fsm_shift_audit_math" name="test_structural_and_finite_contracts_reject_before_forecast[alpha]" time="0.000" /><testcase classname="tests.test_fsm_shift_audit_math" name="test_structural_and_finite_contracts_reject_before_forecast[mode]" time="0.000" /><testcase classname="tests.test_fsm_shift_audit_math" name="test_structural_and_finite_contracts_reject_before_forecast[model_key]" time="0.000" /><testcase classname="tests.test_fsm_shift_audit_math" name="test_structural_and_finite_contracts_reject_before_forecast[coefficient_shape]" time="0.000" /><testcase classname="tests.test_fsm_shift_audit_math" name="test_structural_and_finite_contracts_reject_before_forecast[coefficient_nan]" time="0.000" /><testcase classname="tests.test_fsm_shift_audit_math" name="test_structural_and_finite_contracts_reject_before_forecast[normalizer_key]" time="0.000" /><testcase classname="tests.test_fsm_shift_audit_math" name="test_structural_and_finite_contracts_reject_before_forecast[scale_zero]" time="0.000" /><testcase classname="tests.test_fsm_shift_audit_math" name="test_structural_and_finite_contracts_reject_before_forecast[scale_nan]" time="0.001" /><testcase classname="tests.test_fsm_shift_audit_math" name="test_structural_and_finite_contracts_reject_before_forecast[dtype]" time="0.001" /><testcase classname="tests.test_fsm_shift_audit_math" name="test_structural_and_finite_contracts_reject_before_forecast[context]" time="0.000" /><testcase classname="tests.test_fsm_shift_audit_math" name="test_structural_and_finite_contracts_reject_before_forecast[u_shape]" time="0.000" /><testcase classname="tests.test_fsm_shift_audit_math" name="test_structural_and_finite_contracts_reject_before_forecast[future_shape]" time="0.000" /><testcase classname="tests.test_fsm_shift_audit_math" name="test_structural_and_finite_contracts_reject_before_forecast[input_inf]" time="0.000" /><testcase classname="tests.test_fsm_shift_audit_math" name="test_residual_requires_a_seeded_slot_even_with_consistent_unseeded_identity" time="0.000" /><testcase classname="tests.test_fsm_shift_audit_math" name="test_finite_inputs_can_overflow_and_are_never_repaired[normalization]" time="0.000" /><testcase classname="tests.test_fsm_shift_audit_math" name="test_finite_inputs_can_overflow_and_are_never_repaired[recurrence]" time="0.000" /><testcase classname="tests.test_fsm_shift_audit_math" name="test_finite_inputs_can_overflow_and_are_never_repaired[denormalization]" time="0.000" /></testsuite></testsuites>